<?xml version="1.0" encoding="UTF-8"?>
<!-- Generated by org.testng.reporters.JUnitReportReporter -->
<testsuite hostname="Barnik_Acer" failures="0" tests="4" name="api.test.UserTests" time="10.436" errors="0" timestamp="2024-12-15T01:48:35 IST" skipped="0">
  <testcase classname="api.test.UserTests" name="testPostUser" time="3.971"/>
  <testcase classname="api.test.UserTests" name="testGetUserByName" time="1.566"/>
  <testcase classname="api.test.UserTests" name="testUpdateUserByName" time="3.273"/>
  <testcase classname="api.test.UserTests" name="testDeleteUserByName" time="1.626"/>
</testsuite> <!-- api.test.UserTests -->
