<?xml version="1.0" encoding="UTF-8"?>
<!-- Generated by org.testng.reporters.JUnitReportReporter -->
<testsuite hostname="Barnik_Acer" failures="0" tests="9" name="api.test.DataDrivenTests" time="15.940" errors="0" timestamp="2024-12-15T01:15:28 IST" skipped="0">
  <testcase classname="api.test.DataDrivenTests" name="testPostUser" time="1.466"/>
  <testcase classname="api.test.DataDrivenTests" name="testPostUser" time="3.783"/>
  <testcase classname="api.test.DataDrivenTests" name="testPostUser" time="1.530"/>
  <testcase classname="api.test.DataDrivenTests" name="testGetUserByName" time="1.527"/>
  <testcase classname="api.test.DataDrivenTests" name="testGetUserByName" time="1.468"/>
  <testcase classname="api.test.DataDrivenTests" name="testGetUserByName" time="1.684"/>
  <testcase classname="api.test.DataDrivenTests" name="testDeleteUserByName" time="1.534"/>
  <testcase classname="api.test.DataDrivenTests" name="testDeleteUserByName" time="1.416"/>
  <testcase classname="api.test.DataDrivenTests" name="testDeleteUserByName" time="1.532"/>
</testsuite> <!-- api.test.DataDrivenTests -->
