<?xml version="1.0" encoding="UTF-8"?>
<!-- Generated by org.testng.reporters.JUnitReportReporter -->
<testsuite hostname="Barnik_Acer" failures="0" tests="4" name="api.test.UserTests2" time="8.126" errors="0" timestamp="2024-12-15T13:32:23 IST" skipped="0">
  <testcase classname="api.test.UserTests2" name="testPostUser" time="3.170"/>
  <testcase classname="api.test.UserTests2" name="testGetUserByName" time="1.280"/>
  <testcase classname="api.test.UserTests2" name="testUpdateUserByName" time="2.422"/>
  <testcase classname="api.test.UserTests2" name="testDeleteUserByName" time="1.254"/>
</testsuite> <!-- api.test.UserTests2 -->
